[INFO] [2018-12-30 21:15:23][org.springframework.web.context.ContextLoader]Root WebApplicationContext: initialization started
[INFO] [2018-12-30 21:15:23][org.springframework.web.context.support.XmlWebApplicationContext]Refreshing Root WebApplicationContext: startup date [Sun Dec 30 21:15:23 CST 2018]; root of context hierarchy
[INFO] [2018-12-30 21:15:23][org.springframework.beans.factory.xml.XmlBeanDefinitionReader]Loading XML bean definitions from file [E:\Myeclipse\MyEclipse Professional 2014\Workspaces\maven-demo1230\target\classes\ApplicationContext-dao.xml]
[INFO] [2018-12-30 21:15:23][org.springframework.beans.factory.xml.XmlBeanDefinitionReader]Loading XML bean definitions from file [E:\Myeclipse\MyEclipse Professional 2014\Workspaces\maven-demo1230\target\classes\ApplicationContext-service.xml]
[INFO] [2018-12-30 21:15:23][org.springframework.beans.factory.xml.XmlBeanDefinitionReader]Loading XML bean definitions from file [E:\Myeclipse\MyEclipse Professional 2014\Workspaces\maven-demo1230\target\classes\ApplicationContext-trans.xml]
[INFO] [2018-12-30 21:15:24][org.springframework.context.support.PropertySourcesPlaceholderConfigurer]Loading properties file from class path resource [db.properties]
[INFO] [2018-12-30 21:15:24][org.springframework.beans.factory.annotation.AutowiredAnnotationBeanPostProcessor]JSR-330 'javax.inject.Inject' annotation found and supported for autowiring
[INFO] [2018-12-30 21:15:24][org.springframework.web.context.ContextLoader]Root WebApplicationContext: initialization completed in 1313 ms
[INFO] [2018-12-30 21:15:24][org.springframework.web.servlet.DispatcherServlet]FrameworkServlet 'springMvc': initialization started
[INFO] [2018-12-30 21:15:24][org.springframework.web.context.support.XmlWebApplicationContext]Refreshing WebApplicationContext for namespace 'springMvc-servlet': startup date [Sun Dec 30 21:15:24 CST 2018]; parent: Root WebApplicationContext
[INFO] [2018-12-30 21:15:24][org.springframework.beans.factory.xml.XmlBeanDefinitionReader]Loading XML bean definitions from class path resource [SpringMvc.xml]
[INFO] [2018-12-30 21:15:24][org.springframework.beans.factory.annotation.AutowiredAnnotationBeanPostProcessor]JSR-330 'javax.inject.Inject' annotation found and supported for autowiring
[INFO] [2018-12-30 21:15:25][org.springframework.web.servlet.mvc.method.annotation.RequestMappingHandlerMapping]Mapped "{[/list],methods=[],params=[],headers=[],consumes=[],produces=[],custom=[]}" onto public cashier.pojo.TbUser cashier.controller.demo.itemsList(javax.servlet.http.HttpServletRequest,java.lang.Long) throws java.lang.Exception
[INFO] [2018-12-30 21:15:25][org.springframework.web.servlet.DispatcherServlet]FrameworkServlet 'springMvc': initialization completed in 491 ms
[INFO] [2018-12-30 21:19:29][org.springframework.web.context.ContextLoader]Root WebApplicationContext: initialization started
[INFO] [2018-12-30 21:19:29][org.springframework.web.context.support.XmlWebApplicationContext]Refreshing Root WebApplicationContext: startup date [Sun Dec 30 21:19:29 CST 2018]; root of context hierarchy
[INFO] [2018-12-30 21:19:29][org.springframework.beans.factory.xml.XmlBeanDefinitionReader]Loading XML bean definitions from file [E:\Myeclipse\MyEclipse Professional 2014\Workspaces\maven-demo1230\target\classes\ApplicationContext-dao.xml]
[INFO] [2018-12-30 21:19:29][org.springframework.beans.factory.xml.XmlBeanDefinitionReader]Loading XML bean definitions from file [E:\Myeclipse\MyEclipse Professional 2014\Workspaces\maven-demo1230\target\classes\ApplicationContext-service.xml]
[INFO] [2018-12-30 21:19:29][org.springframework.beans.factory.xml.XmlBeanDefinitionReader]Loading XML bean definitions from file [E:\Myeclipse\MyEclipse Professional 2014\Workspaces\maven-demo1230\target\classes\ApplicationContext-trans.xml]
[INFO] [2018-12-30 21:19:29][org.springframework.context.support.PropertySourcesPlaceholderConfigurer]Loading properties file from class path resource [db.properties]
[INFO] [2018-12-30 21:19:29][org.springframework.beans.factory.annotation.AutowiredAnnotationBeanPostProcessor]JSR-330 'javax.inject.Inject' annotation found and supported for autowiring
[INFO] [2018-12-30 21:19:30][org.springframework.web.context.ContextLoader]Root WebApplicationContext: initialization completed in 998 ms
[INFO] [2018-12-30 21:19:30][org.springframework.web.servlet.DispatcherServlet]FrameworkServlet 'springMvc': initialization started
[INFO] [2018-12-30 21:19:30][org.springframework.web.context.support.XmlWebApplicationContext]Refreshing WebApplicationContext for namespace 'springMvc-servlet': startup date [Sun Dec 30 21:19:30 CST 2018]; parent: Root WebApplicationContext
[INFO] [2018-12-30 21:19:30][org.springframework.beans.factory.xml.XmlBeanDefinitionReader]Loading XML bean definitions from class path resource [SpringMvc.xml]
[INFO] [2018-12-30 21:19:30][org.springframework.beans.factory.annotation.AutowiredAnnotationBeanPostProcessor]JSR-330 'javax.inject.Inject' annotation found and supported for autowiring
[INFO] [2018-12-30 21:19:30][org.springframework.web.servlet.mvc.method.annotation.RequestMappingHandlerMapping]Mapped "{[/list],methods=[],params=[],headers=[],consumes=[],produces=[],custom=[]}" onto public cashier.pojo.TbUser cashier.controller.demo.itemsList(javax.servlet.http.HttpServletRequest,java.lang.Long) throws java.lang.Exception
[INFO] [2018-12-30 21:19:30][org.springframework.web.servlet.DispatcherServlet]FrameworkServlet 'springMvc': initialization completed in 536 ms
[INFO] [2018-12-30 21:29:31][com.alibaba.druid.pool.DruidDataSource]{dataSource-1} inited
